<?xml version="1.0" encoding="UTF-8"?>
<!-- Generated by org.testng.reporters.JUnitReportReporter -->
<testsuite hostname="NODE134" name="com.gymboree.test.TestFunctionality" tests="1" failures="0" timestamp="29 May 2015 09:05:14 GMT" time="1.782" errors="0">
  <testcase name="test" time="1.782" classname="com.gymboree.test.TestFunctionality"/>
</testsuite> <!-- com.gymboree.test.TestFunctionality -->
