<?xml version="1.0" encoding="UTF-8"?>
<!-- Generated by org.testng.reporters.JUnitReportReporter -->
<testsuite hostname="NODE134" name="com.gymboree.test.TestFunctionality" tests="1" failures="0" timestamp="29 May 2015 09:06:50 GMT" time="0.981" errors="0">
  <testcase name="test" time="0.981" classname="com.gymboree.test.TestFunctionality"/>
</testsuite>
